[  2000.310] (--) Log file renamed from "/home/gorge/.local/share/xorg/Xorg.pid-3413.log" to "/home/gorge/.local/share/xorg/Xorg.0.log"
[  2000.326] 
X.Org X Server 1.20.13
X Protocol Version 11, Revision 0
[  2000.326] Build Operating System: linux Ubuntu
[  2000.326] Current Operating System: Linux gorge 5.15.0-89-generic #99~20.04.1-Ubuntu SMP Thu Nov 2 15:16:47 UTC 2023 x86_64
[  2000.326] Kernel command line: BOOT_IMAGE=/boot/vmlinuz-5.15.0-89-generic root=UUID=0af8eb86-c8b7-4198-b878-75b0dc743d83 ro quiet splash
[  2000.326] Build Date: 23 October 2023  04:31:55PM
[  2000.326] xorg-server 2:1.20.13-1ubuntu1~20.04.9 (For technical support please see http://www.ubuntu.com/support) 
[  2000.326] Current version of pixman: 0.38.4
[  2000.326] 	Before reporting problems, check http://wiki.x.org
	to make sure that you have the latest version.
[  2000.326] Markers: (--) probed, (**) from config file, (==) default setting,
	(++) from command line, (!!) notice, (II) informational,
	(WW) warning, (EE) error, (NI) not implemented, (??) unknown.
[  2000.326] (==) Log file: "/home/gorge/.local/share/xorg/Xorg.0.log", Time: Mon Nov 27 15:35:54 2023
[  2000.407] (==) Using system config directory "/usr/share/X11/xorg.conf.d"
[  2000.512] (==) No Layout section.  Using the first Screen section.
[  2000.512] (==) No screen section available. Using defaults.
[  2000.512] (**) |-->Screen "Default Screen Section" (0)
[  2000.512] (**) |   |-->Monitor "<default monitor>"
[  2000.519] (==) No monitor specified for screen "Default Screen Section".
	Using a default monitor configuration.
[  2000.519] (==) Automatically adding devices
[  2000.519] (==) Automatically enabling devices
[  2000.519] (==) Automatically adding GPU devices
[  2000.519] (==) Automatically binding GPU devices
[  2000.519] (==) Max clients allowed: 256, resource mask: 0x1fffff
[  2000.519] (WW) The directory "/usr/share/fonts/X11/cyrillic" does not exist.
[  2000.519] 	Entry deleted from font path.
[  2000.519] (WW) The directory "/usr/share/fonts/X11/100dpi/" does not exist.
[  2000.519] 	Entry deleted from font path.
[  2000.519] (WW) The directory "/usr/share/fonts/X11/75dpi/" does not exist.
[  2000.519] 	Entry deleted from font path.
[  2000.519] (WW) The directory "/usr/share/fonts/X11/100dpi" does not exist.
[  2000.519] 	Entry deleted from font path.
[  2000.519] (WW) The directory "/usr/share/fonts/X11/75dpi" does not exist.
[  2000.519] 	Entry deleted from font path.
[  2000.519] (==) FontPath set to:
	/usr/share/fonts/X11/misc,
	/usr/share/fonts/X11/Type1,
	built-ins
[  2000.519] (==) ModulePath set to "/usr/lib/xorg/modules"
[  2000.519] (II) The server relies on udev to provide the list of input devices.
	If no devices become available, reconfigure udev or disable AutoAddDevices.
[  2000.519] (II) Loader magic: 0x55f0da3d1020
[  2000.519] (II) Module ABI versions:
[  2000.519] 	X.Org ANSI C Emulation: 0.4
[  2000.519] 	X.Org Video Driver: 24.1
[  2000.519] 	X.Org XInput driver : 24.1
[  2000.519] 	X.Org Server Extension : 10.0
[  2000.544] (++) using VT number 2

[  2000.627] (II) systemd-logind: took control of session /org/freedesktop/login1/session/_34
[  2000.627] (II) xfree86: Adding drm device (/dev/dri/card0)
[  2000.640] (II) systemd-logind: got fd for /dev/dri/card0 226:0 fd 12 paused 0
[  2000.642] (--) PCI:*(0@0:2:0) 15ad:0405:15ad:0405 rev 0, Mem @ 0xe0000000/16777216, 0xf0000000/2097152, I/O @ 0x0000d010/16, BIOS @ 0x????????/131072
[  2000.642] (II) LoadModule: "glx"
[  2000.659] (II) Loading /usr/lib/xorg/modules/extensions/libglx.so
[  2000.723] (II) Module glx: vendor="X.Org Foundation"
[  2000.723] 	compiled for 1.20.13, module version = 1.0.0
[  2000.723] 	ABI class: X.Org Server Extension, version 10.0
[  2000.725] (==) Matched vmware as autoconfigured driver 0
[  2000.725] (==) Matched modesetting as autoconfigured driver 1
[  2000.725] (==) Matched fbdev as autoconfigured driver 2
[  2000.725] (==) Matched vesa as autoconfigured driver 3
[  2000.725] (==) Assigned the driver to the xf86ConfigLayout
[  2000.725] (II) LoadModule: "vmware"
[  2000.725] (II) Loading /usr/lib/xorg/modules/drivers/vmware_drv.so
[  2001.005] (II) Module vmware: vendor="X.Org Foundation"
[  2001.005] 	compiled for 1.20.8, module version = 13.3.0
[  2001.005] 	Module class: X.Org Video Driver
[  2001.005] 	ABI class: X.Org Video Driver, version 24.1
[  2001.005] (II) LoadModule: "modesetting"
[  2001.005] (II) Loading /usr/lib/xorg/modules/drivers/modesetting_drv.so
[  2001.011] (II) Module modesetting: vendor="X.Org Foundation"
[  2001.011] 	compiled for 1.20.13, module version = 1.20.13
[  2001.011] 	Module class: X.Org Video Driver
[  2001.011] 	ABI class: X.Org Video Driver, version 24.1
[  2001.011] (II) LoadModule: "fbdev"
[  2001.011] (II) Loading /usr/lib/xorg/modules/drivers/fbdev_drv.so
[  2001.019] (II) Module fbdev: vendor="X.Org Foundation"
[  2001.019] 	compiled for 1.20.1, module version = 0.5.0
[  2001.019] 	Module class: X.Org Video Driver
[  2001.019] 	ABI class: X.Org Video Driver, version 24.0
[  2001.019] (II) LoadModule: "vesa"
[  2001.019] (II) Loading /usr/lib/xorg/modules/drivers/vesa_drv.so
[  2001.023] (II) Module vesa: vendor="X.Org Foundation"
[  2001.023] 	compiled for 1.20.4, module version = 2.4.0
[  2001.023] 	Module class: X.Org Video Driver
[  2001.023] 	ABI class: X.Org Video Driver, version 24.0
[  2001.023] (II) vmware: driver for VMware SVGA: vmware0405, vmware0710
[  2001.023] (II) modesetting: Driver for Modesetting Kernel Drivers: kms
[  2001.023] (II) FBDEV: driver for framebuffer: fbdev
[  2001.023] (II) VESA: driver for VESA chipsets: vesa
[  2001.023] xf86EnableIOPorts: failed to set IOPL for I/O (Operation not permitted)
[  2001.023] (WW) Falling back to old probe method for modesetting
[  2001.023] (WW) Falling back to old probe method for fbdev
[  2001.023] (II) Loading sub module "fbdevhw"
[  2001.023] (II) LoadModule: "fbdevhw"
[  2001.023] (II) Loading /usr/lib/xorg/modules/libfbdevhw.so
[  2001.042] (II) Module fbdevhw: vendor="X.Org Foundation"
[  2001.042] 	compiled for 1.20.13, module version = 0.0.2
[  2001.042] 	ABI class: X.Org Video Driver, version 24.1
[  2001.042] (EE) open /dev/fb0: Permission denied
[  2001.042] (WW) VGA arbiter: cannot open kernel arbiter, no multi-card support
[  2001.042] (II) vmware(0): Creating default Display subsection in Screen section
	"Default Screen Section" for depth/fbbpp 24/32
[  2001.042] (--) vmware(0): DRM driver version is 2.19.0
[  2001.042] (==) vmware(0): Depth 24, (--) framebuffer bpp 32
[  2001.042] (==) vmware(0): RGB weight 888
[  2001.042] (==) vmware(0): Default visual is TrueColor
[  2001.042] (--) vmware(0): Min width 1, Max Width 8192.
[  2001.042] (--) vmware(0): Min height 1, Max Height 8192.
[  2001.043] (II) vmware(0): Output Virtual1 has no monitor section
[  2001.043] (II) vmware(0): Output Virtual2 has no monitor section
[  2001.043] (II) vmware(0): Output Virtual3 has no monitor section
[  2001.043] (II) vmware(0): Output Virtual4 has no monitor section
[  2001.043] (II) vmware(0): Output Virtual5 has no monitor section
[  2001.043] (II) vmware(0): Output Virtual6 has no monitor section
[  2001.043] (II) vmware(0): Output Virtual7 has no monitor section
[  2001.043] (II) vmware(0): Output Virtual8 has no monitor section
[  2001.043] (II) vmware(0): Printing probed modes for output Virtual1
[  2001.043] (II) vmware(0): Modeline "1920x945"x60.0  136.00  1920 1970 2020 2070  945 995 1045 1095 -hsync +vsync (65.7 kHz eP)
[  2001.043] (II) vmware(0): Modeline "2560x1600"x60.0  348.50  2560 2752 3032 3504  1600 1603 1609 1658 -hsync +vsync (99.5 kHz e)
[  2001.043] (II) vmware(0): Modeline "2560x1440"x60.0  241.50  2560 2608 2640 2720  1440 1443 1448 1481 +hsync -vsync (88.8 kHz e)
[  2001.043] (II) vmware(0): Modeline "1920x1440"x60.0  234.00  1920 2048 2256 2600  1440 1441 1444 1500 -hsync +vsync (90.0 kHz e)
[  2001.043] (II) vmware(0): Modeline "1856x1392"x60.0  218.25  1856 1952 2176 2528  1392 1393 1396 1439 -hsync +vsync (86.3 kHz e)
[  2001.043] (II) vmware(0): Modeline "1792x1344"x60.0  204.75  1792 1920 2120 2448  1344 1345 1348 1394 -hsync +vsync (83.6 kHz e)
[  2001.043] (II) vmware(0): Modeline "1920x1200"x59.9  193.25  1920 2056 2256 2592  1200 1203 1209 1245 -hsync +vsync (74.6 kHz e)
[  2001.043] (II) vmware(0): Modeline "1920x1080"x60.0  173.00  1920 2048 2248 2576  1080 1083 1088 1120 -hsync +vsync (67.2 kHz e)
[  2001.043] (II) vmware(0): Modeline "1600x1200"x60.0  162.00  1600 1664 1856 2160  1200 1201 1204 1250 +hsync +vsync (75.0 kHz e)
[  2001.043] (II) vmware(0): Modeline "1680x1050"x60.0  146.25  1680 1784 1960 2240  1050 1053 1059 1089 -hsync +vsync (65.3 kHz e)
[  2001.043] (II) vmware(0): Modeline "1400x1050"x60.0  121.75  1400 1488 1632 1864  1050 1053 1057 1089 -hsync +vsync (65.3 kHz e)
[  2001.043] (II) vmware(0): Modeline "1280x1024"x60.0  108.00  1280 1328 1440 1688  1024 1025 1028 1066 +hsync +vsync (64.0 kHz e)
[  2001.043] (II) vmware(0): Modeline "1440x900"x59.9  106.50  1440 1520 1672 1904  900 903 909 934 -hsync +vsync (55.9 kHz e)
[  2001.043] (II) vmware(0): Modeline "1280x960"x60.0  108.00  1280 1376 1488 1800  960 961 964 1000 +hsync +vsync (60.0 kHz e)
[  2001.043] (II) vmware(0): Modeline "1360x768"x60.0   85.50  1360 1424 1536 1792  768 771 777 795 +hsync +vsync (47.7 kHz e)
[  2001.043] (II) vmware(0): Modeline "1280x800"x59.8   83.50  1280 1352 1480 1680  800 803 809 831 +hsync -vsync (49.7 kHz e)
[  2001.043] (II) vmware(0): Modeline "1152x864"x75.0  108.00  1152 1216 1344 1600  864 865 868 900 +hsync +vsync (67.5 kHz e)
[  2001.043] (II) vmware(0): Modeline "1280x768"x59.9   79.50  1280 1344 1472 1664  768 771 778 798 -hsync +vsync (47.8 kHz e)
[  2001.043] (II) vmware(0): Modeline "1280x720"x59.9   74.50  1280 1344 1472 1664  720 723 728 748 -hsync +vsync (44.8 kHz e)
[  2001.043] (II) vmware(0): Modeline "1024x768"x60.0   65.00  1024 1048 1184 1344  768 771 777 806 -hsync -vsync (48.4 kHz e)
[  2001.043] (II) vmware(0): Modeline "800x600"x60.3   40.00  800 840 968 1056  600 601 605 628 +hsync +vsync (37.9 kHz e)
[  2001.043] (II) vmware(0): Modeline "640x480"x59.9   25.18  640 656 752 800  480 489 492 525 -hsync -vsync (31.5 kHz e)
[  2001.043] (II) vmware(0): EDID for output Virtual2
[  2001.043] (II) vmware(0): EDID for output Virtual3
[  2001.043] (II) vmware(0): EDID for output Virtual4
[  2001.043] (II) vmware(0): EDID for output Virtual5
[  2001.043] (II) vmware(0): EDID for output Virtual6
[  2001.043] (II) vmware(0): EDID for output Virtual7
[  2001.043] (II) vmware(0): EDID for output Virtual8
[  2001.043] (II) vmware(0): Output Virtual1 connected
[  2001.043] (II) vmware(0): Output Virtual2 disconnected
[  2001.043] (II) vmware(0): Output Virtual3 disconnected
[  2001.043] (II) vmware(0): Output Virtual4 disconnected
[  2001.043] (II) vmware(0): Output Virtual5 disconnected
[  2001.043] (II) vmware(0): Output Virtual6 disconnected
[  2001.043] (II) vmware(0): Output Virtual7 disconnected
[  2001.043] (II) vmware(0): Output Virtual8 disconnected
[  2001.043] (II) vmware(0): Using exact sizes for initial modes
[  2001.043] (II) vmware(0): Output Virtual1 using initial mode 1920x945 +0+0
[  2001.043] (==) vmware(0): DPI set to (96, 96)
[  2001.043] (==) vmware(0): Using gamma correction (1.0, 1.0, 1.0)
[  2001.043] (II) Loading sub module "fb"
[  2001.043] (II) LoadModule: "fb"
[  2001.043] (II) Loading /usr/lib/xorg/modules/libfb.so
[  2001.074] (II) Module fb: vendor="X.Org Foundation"
[  2001.074] 	compiled for 1.20.13, module version = 1.0.0
[  2001.074] 	ABI class: X.Org ANSI C Emulation, version 0.4
[  2001.074] (II) Loading sub module "dri2"
[  2001.074] (II) LoadModule: "dri2"
[  2001.074] (II) Module "dri2" already built-in
[  2001.074] (II) Loading sub module "dri3"
[  2001.074] (II) LoadModule: "dri3"
[  2001.074] (II) Module "dri3" already built-in
[  2001.074] (II) UnloadModule: "modesetting"
[  2001.074] (II) Unloading modesetting
[  2001.074] (II) UnloadModule: "fbdev"
[  2001.074] (II) Unloading fbdev
[  2001.074] (II) UnloadSubModule: "fbdevhw"
[  2001.074] (II) Unloading fbdevhw
[  2001.074] (II) UnloadModule: "vesa"
[  2001.074] (II) Unloading vesa
[  2001.095] (II) vmware(0): Initialized VMWARE_CTRL extension version 0.2
[  2001.168] (WW) vmware(0): Failed to initialize Gallium3D Xa. No render acceleration available.
[  2001.168] (WW) vmware(0): Skipped initialization of direct rendering due to lack of render acceleration.
[  2001.168] (--) vmware(0): Render acceleration is disabled.
[  2001.168] (==) vmware(0): Rendercheck mode is disabled.
[  2001.168] (--) vmware(0): Direct rendering (DRI2 3D) is disabled.
[  2001.168] (--) vmware(0): Direct rendering (DRI3 3D) is disabled.
[  2001.168] (==) vmware(0): Backing store enabled
[  2001.168] (==) vmware(0): Silken mouse enabled
[  2001.196] (==) vmware(0): DPMS enabled
[  2001.196] (II) vmware(0): No 3D acceleration. Not setting up textured video.
[  2001.196] (WW) vmware(0): Disabling Xv because no adaptors could be initialized.
[  2001.196] (II) Initializing extension Generic Event Extension
[  2001.196] (II) Initializing extension SHAPE
[  2001.196] (II) Initializing extension MIT-SHM
[  2001.196] (II) Initializing extension XInputExtension
[  2001.214] (II) Initializing extension XTEST
[  2001.214] (II) Initializing extension BIG-REQUESTS
[  2001.214] (II) Initializing extension SYNC
[  2001.214] (II) Initializing extension XKEYBOARD
[  2001.214] (II) Initializing extension XC-MISC
[  2001.214] (II) Initializing extension SECURITY
[  2001.214] (II) Initializing extension XFIXES
[  2001.215] (II) Initializing extension RENDER
[  2001.215] (II) Initializing extension RANDR
[  2001.215] (II) Initializing extension COMPOSITE
[  2001.215] (II) Initializing extension DAMAGE
[  2001.215] (II) Initializing extension MIT-SCREEN-SAVER
[  2001.215] (II) Initializing extension DOUBLE-BUFFER
[  2001.215] (II) Initializing extension RECORD
[  2001.215] (II) Initializing extension DPMS
[  2001.215] (II) Initializing extension Present
[  2001.215] (II) Initializing extension DRI3
[  2001.215] (II) Initializing extension X-Resource
[  2001.215] (II) Initializing extension XVideo
[  2001.215] (II) Initializing extension XVideo-MotionCompensation
[  2001.215] (II) Initializing extension SELinux
[  2001.215] (II) SELinux: Disabled on system
[  2001.215] (II) Initializing extension GLX
[  2001.216] (II) AIGLX: Screen 0 is not DRI2 capable
[  2001.312] (II) IGLX: Loaded and initialized swrast
[  2001.312] (II) GLX: Initialized DRISWRAST GL provider for screen 0
[  2001.312] (II) Initializing extension XFree86-VidModeExtension
[  2001.312] (II) Initializing extension XFree86-DGA
[  2001.312] (II) Initializing extension XFree86-DRI
[  2001.335] (II) Initializing extension DRI2
[  2001.393] (II) vmware(0): Setting screen physical size to 508 x 250
[  2001.459] (II) config/udev: Adding input device Power Button (/dev/input/event0)
[  2001.459] (**) Power Button: Applying InputClass "libinput keyboard catchall"
[  2001.459] (II) LoadModule: "libinput"
[  2001.459] (II) Loading /usr/lib/xorg/modules/input/libinput_drv.so
[  2001.473] (II) Module libinput: vendor="X.Org Foundation"
[  2001.473] 	compiled for 1.20.4, module version = 0.29.0
[  2001.473] 	Module class: X.Org XInput Driver
[  2001.473] 	ABI class: X.Org XInput driver, version 24.1
[  2001.473] (II) Using input driver 'libinput' for 'Power Button'
[  2001.476] (II) systemd-logind: got fd for /dev/input/event0 13:64 fd 20 paused 0
[  2001.476] (**) Power Button: always reports core events
[  2001.476] (**) Option "Device" "/dev/input/event0"
[  2001.476] (**) Option "_source" "server/udev"
[  2001.479] (II) event0  - Power Button: is tagged by udev as: Keyboard
[  2001.479] (II) event0  - Power Button: device is a keyboard
[  2001.479] (II) event0  - Power Button: device removed
[  2001.479] (**) Option "config_info" "udev:/sys/devices/LNXSYSTM:00/LNXPWRBN:00/input/input0/event0"
[  2001.479] (II) XINPUT: Adding extended input device "Power Button" (type: KEYBOARD, id 6)
[  2001.479] (**) Option "xkb_model" "pc105"
[  2001.479] (**) Option "xkb_layout" "us"
[  2001.480] (II) event0  - Power Button: is tagged by udev as: Keyboard
[  2001.480] (II) event0  - Power Button: device is a keyboard
[  2001.480] (II) config/udev: Adding input device Sleep Button (/dev/input/event1)
[  2001.480] (**) Sleep Button: Applying InputClass "libinput keyboard catchall"
[  2001.480] (II) Using input driver 'libinput' for 'Sleep Button'
[  2001.556] (II) systemd-logind: got fd for /dev/input/event1 13:65 fd 23 paused 0
[  2001.556] (**) Sleep Button: always reports core events
[  2001.556] (**) Option "Device" "/dev/input/event1"
[  2001.556] (**) Option "_source" "server/udev"
[  2001.556] (II) event1  - Sleep Button: is tagged by udev as: Keyboard
[  2001.556] (II) event1  - Sleep Button: device is a keyboard
[  2001.556] (II) event1  - Sleep Button: device removed
[  2001.556] (**) Option "config_info" "udev:/sys/devices/LNXSYSTM:00/LNXSLPBN:00/input/input1/event1"
[  2001.556] (II) XINPUT: Adding extended input device "Sleep Button" (type: KEYBOARD, id 7)
[  2001.556] (**) Option "xkb_model" "pc105"
[  2001.556] (**) Option "xkb_layout" "us"
[  2001.557] (II) event1  - Sleep Button: is tagged by udev as: Keyboard
[  2001.557] (II) event1  - Sleep Button: device is a keyboard
[  2001.558] (II) config/udev: Adding input device Video Bus (/dev/input/event3)
[  2001.558] (**) Video Bus: Applying InputClass "libinput keyboard catchall"
[  2001.558] (II) Using input driver 'libinput' for 'Video Bus'
[  2001.561] (II) systemd-logind: got fd for /dev/input/event3 13:67 fd 24 paused 0
[  2001.561] (**) Video Bus: always reports core events
[  2001.561] (**) Option "Device" "/dev/input/event3"
[  2001.561] (**) Option "_source" "server/udev"
[  2001.561] (II) event3  - Video Bus: is tagged by udev as: Keyboard
[  2001.564] (II) event3  - Video Bus: device is a keyboard
[  2001.564] (II) event3  - Video Bus: device removed
[  2001.564] (**) Option "config_info" "udev:/sys/devices/LNXSYSTM:00/LNXSYBUS:00/PNP0A03:00/LNXVIDEO:00/input/input4/event3"
[  2001.564] (II) XINPUT: Adding extended input device "Video Bus" (type: KEYBOARD, id 8)
[  2001.564] (**) Option "xkb_model" "pc105"
[  2001.564] (**) Option "xkb_layout" "us"
[  2001.567] (II) event3  - Video Bus: is tagged by udev as: Keyboard
[  2001.567] (II) event3  - Video Bus: device is a keyboard
[  2001.567] (II) config/udev: Adding input device VirtualBox mouse integration (/dev/input/event6)
[  2001.567] (**) VirtualBox mouse integration: Applying InputClass "libinput pointer catchall"
[  2001.567] (II) Using input driver 'libinput' for 'VirtualBox mouse integration'
[  2001.580] (II) systemd-logind: got fd for /dev/input/event6 13:70 fd 25 paused 0
[  2001.580] (**) VirtualBox mouse integration: always reports core events
[  2001.580] (**) Option "Device" "/dev/input/event6"
[  2001.580] (**) Option "_source" "server/udev"
[  2001.580] (II) event6  - VirtualBox mouse integration: is tagged by udev as: Mouse
[  2001.580] (II) event6  - VirtualBox mouse integration: device is a pointer
[  2001.580] (II) event6  - VirtualBox mouse integration: device removed
[  2001.581] (**) Option "config_info" "udev:/sys/devices/pci0000:00/0000:00:04.0/input/input8/event6"
[  2001.581] (II) XINPUT: Adding extended input device "VirtualBox mouse integration" (type: MOUSE, id 9)
[  2001.581] (**) Option "AccelerationScheme" "none"
[  2001.581] (**) VirtualBox mouse integration: (accel) selected scheme none/0
[  2001.581] (**) VirtualBox mouse integration: (accel) acceleration factor: 2.000
[  2001.581] (**) VirtualBox mouse integration: (accel) acceleration threshold: 4
[  2001.581] (II) event6  - VirtualBox mouse integration: is tagged by udev as: Mouse
[  2001.581] (II) event6  - VirtualBox mouse integration: device is a pointer
[  2001.581] (II) config/udev: Adding input device VirtualBox mouse integration (/dev/input/js1)
[  2001.581] (II) No input driver specified, ignoring this device.
[  2001.581] (II) This device may have been added with another device file.
[  2001.582] (II) config/udev: Adding input device VirtualBox mouse integration (/dev/input/mouse2)
[  2001.582] (II) No input driver specified, ignoring this device.
[  2001.582] (II) This device may have been added with another device file.
[  2001.582] (II) config/udev: Adding input device VirtualBox USB Tablet (/dev/input/event5)
[  2001.582] (**) VirtualBox USB Tablet: Applying InputClass "libinput pointer catchall"
[  2001.582] (II) Using input driver 'libinput' for 'VirtualBox USB Tablet'
[  2001.666] (II) systemd-logind: got fd for /dev/input/event5 13:69 fd 26 paused 0
[  2001.666] (**) VirtualBox USB Tablet: always reports core events
[  2001.666] (**) Option "Device" "/dev/input/event5"
[  2001.666] (**) Option "_source" "server/udev"
[  2001.668] (II) event5  - VirtualBox USB Tablet: is tagged by udev as: Mouse
[  2001.668] (II) event5  - VirtualBox USB Tablet: device is a pointer
[  2001.668] (II) event5  - VirtualBox USB Tablet: device removed
[  2001.668] (**) Option "config_info" "udev:/sys/devices/pci0000:00/0000:00:06.0/usb2/2-1/2-1:1.0/0003:80EE:0021.0001/input/input6/event5"
[  2001.668] (II) XINPUT: Adding extended input device "VirtualBox USB Tablet" (type: MOUSE, id 10)
[  2001.668] (**) Option "AccelerationScheme" "none"
[  2001.668] (**) VirtualBox USB Tablet: (accel) selected scheme none/0
[  2001.668] (**) VirtualBox USB Tablet: (accel) acceleration factor: 2.000
[  2001.668] (**) VirtualBox USB Tablet: (accel) acceleration threshold: 4
[  2001.669] (II) event5  - VirtualBox USB Tablet: is tagged by udev as: Mouse
[  2001.669] (II) event5  - VirtualBox USB Tablet: device is a pointer
[  2001.669] (II) config/udev: Adding input device VirtualBox USB Tablet (/dev/input/js0)
[  2001.669] (II) No input driver specified, ignoring this device.
[  2001.669] (II) This device may have been added with another device file.
[  2001.670] (II) config/udev: Adding input device VirtualBox USB Tablet (/dev/input/mouse1)
[  2001.670] (II) No input driver specified, ignoring this device.
[  2001.670] (II) This device may have been added with another device file.
[  2001.670] (II) config/udev: Adding input device AT Translated Set 2 keyboard (/dev/input/event2)
[  2001.670] (**) AT Translated Set 2 keyboard: Applying InputClass "libinput keyboard catchall"
[  2001.670] (II) Using input driver 'libinput' for 'AT Translated Set 2 keyboard'
[  2001.689] (II) systemd-logind: got fd for /dev/input/event2 13:66 fd 27 paused 0
[  2001.689] (**) AT Translated Set 2 keyboard: always reports core events
[  2001.689] (**) Option "Device" "/dev/input/event2"
[  2001.689] (**) Option "_source" "server/udev"
[  2001.690] (II) event2  - AT Translated Set 2 keyboard: is tagged by udev as: Keyboard
[  2001.690] (II) event2  - AT Translated Set 2 keyboard: device is a keyboard
[  2001.690] (II) event2  - AT Translated Set 2 keyboard: device removed
[  2001.690] (**) Option "config_info" "udev:/sys/devices/platform/i8042/serio0/input/input2/event2"
[  2001.690] (II) XINPUT: Adding extended input device "AT Translated Set 2 keyboard" (type: KEYBOARD, id 11)
[  2001.690] (**) Option "xkb_model" "pc105"
[  2001.690] (**) Option "xkb_layout" "us"
[  2001.691] (II) event2  - AT Translated Set 2 keyboard: is tagged by udev as: Keyboard
[  2001.691] (II) event2  - AT Translated Set 2 keyboard: device is a keyboard
[  2001.691] (II) config/udev: Adding input device ImExPS/2 Generic Explorer Mouse (/dev/input/event4)
[  2001.691] (**) ImExPS/2 Generic Explorer Mouse: Applying InputClass "libinput pointer catchall"
[  2001.691] (II) Using input driver 'libinput' for 'ImExPS/2 Generic Explorer Mouse'
[  2001.967] (II) systemd-logind: got fd for /dev/input/event4 13:68 fd 28 paused 0
[  2001.967] (**) ImExPS/2 Generic Explorer Mouse: always reports core events
[  2001.967] (**) Option "Device" "/dev/input/event4"
[  2001.967] (**) Option "_source" "server/udev"
[  2001.978] (II) event4  - ImExPS/2 Generic Explorer Mouse: is tagged by udev as: Mouse
[  2001.978] (II) event4  - ImExPS/2 Generic Explorer Mouse: device is a pointer
[  2001.978] (II) event4  - ImExPS/2 Generic Explorer Mouse: device removed
[  2001.978] (**) Option "config_info" "udev:/sys/devices/platform/i8042/serio1/input/input5/event4"
[  2001.978] (II) XINPUT: Adding extended input device "ImExPS/2 Generic Explorer Mouse" (type: MOUSE, id 12)
[  2001.978] (**) Option "AccelerationScheme" "none"
[  2001.978] (**) ImExPS/2 Generic Explorer Mouse: (accel) selected scheme none/0
[  2001.978] (**) ImExPS/2 Generic Explorer Mouse: (accel) acceleration factor: 2.000
[  2001.978] (**) ImExPS/2 Generic Explorer Mouse: (accel) acceleration threshold: 4
[  2001.983] (II) event4  - ImExPS/2 Generic Explorer Mouse: is tagged by udev as: Mouse
[  2001.983] (II) event4  - ImExPS/2 Generic Explorer Mouse: device is a pointer
[  2001.983] (II) config/udev: Adding input device ImExPS/2 Generic Explorer Mouse (/dev/input/mouse0)
[  2001.983] (II) No input driver specified, ignoring this device.
[  2001.983] (II) This device may have been added with another device file.
